Case #1: [E, A]
Case #2: [R, I, R]
Case #3: [F, D, T]
Case #4: [Z, E, R, A]
Case #5: []
Case #6: [N]
Case #7: [D]
Case #8: [D, F, E, D, S, N, D, D, F]
Case #9: []
Case #10: [D, E, A, F, D, E, A, R, S]
Case #11: [S, Q, E, E, N, F, E, S, F]
Case #12: [E, S, A, W, Q, O, S, E, A]
Case #13: [C, Q, A, S]
Case #14: [W, W, D, F, S, G, F, A, Q]
Case #15: [S, E]
Case #16: [M, F, S, A, A, F, E, D, F]
Case #17: [D, R, P, P, S]
Case #18: [E, F, Q]
Case #19: [C, R]
Case #20: [F, S, F, S, R, U]
Case #21: [E, E, S, S, S, U, R, A, W]
Case #22: [R, Q, R, K, Q, D, R, W, Q]
Case #23: [Q, Q, W, E, R, G, D, F, S]
Case #24: [F, S]
Case #25: [N, N, W, Q, W, S, W, S]
Case #26: [Y, R]
Case #27: [I, E, R, Q, S, S, Q, S, Q]
Case #28: [E, D]
Case #29: [C]
Case #30: []
Case #31: [A]
Case #32: []
Case #33: [P, Q, W, A, R, F, A, Q, W]
Case #34: [G, D, W, W, Q, F, R, A, W]
Case #35: [S, D, D, X, A, F, Q, Q, Q]
Case #36: [S, Q, A, F, S, S, Y, W, Q]
Case #37: [W, D, E, S, A, M, D, S, A]
Case #38: [F]
Case #39: [R, W, Q]
Case #40: [D, R]
Case #41: [E, D, Q, Z, S, R, R, W, E]
Case #42: [S, E, W, F, D]
Case #43: [A, A, A, A, A, A, A, A, A, A]
Case #44: [D, A, Q, E, Q, S, I, Q, E]
Case #45: [A, O]
Case #46: [W, F, M, F, A, S, W, W, E]
Case #47: [Z, D]
Case #48: [F, Q, W, F, Q, V]
Case #49: [S, W, D, S, U, W, S, W, A]
Case #50: [M, S, S, M, F, S, F, S]
Case #51: []
Case #52: [R, D, R]
Case #53: [Q, Y, Q, W, F, S, E, W, R]
Case #54: [F, R, B, A, B, D, D, F]
Case #55: [R, W, W]
Case #56: [A, W, A, R, E, N, E, S, S]
Case #57: [F]
Case #58: [S, F, S]
Case #59: [F, Q, A]
Case #60: [H, H, Q, A, W, Q, E, S]
Case #61: [B, F, S, S, Q, Q, W, A, S]
Case #62: [A, D, A, W, E, M, W, R, R]
Case #63: [S, Q, W, D, S, W, U, A, F]
Case #64: [Z, Z, Z, Z, Z]
Case #65: [F, D, A, R, I, D, I, A]
Case #66: [E]
Case #67: [F, K, S, W, Q, K, F, F]
Case #68: [S]
Case #69: [F, S, E, W, F, F, F, R, X]
Case #70: [H, W, E, Q, E, W, E, E, E]
Case #71: [R, W, G, Q, S, W, E, W, F]
Case #72: [D, F, F, Q, T, R, F, Q, E]
Case #73: []
Case #74: [E, R, R]
Case #75: [H, Q, D, S]
Case #76: [I, F, D, I, E, D, F, F]
Case #77: [F, V]
Case #78: [D, S]
Case #79: [R, S, Q, G, Q, F, R, R, S]
Case #80: [R, Q, Q, F, W, U, F, R, S]
Case #81: [Q, W, F, F, E, A, I, I]
Case #82: [R]
Case #83: [E, W, E, C, Q, A, W, S, Q]
Case #84: [D]
Case #85: [D, Q, V, W, D, A, W, F, W]
Case #86: [C, R]
Case #87: [D, E, Q, S, D, R]
Case #88: [W, V, R, R, Q, Q, W, F, W]
Case #89: [S, F, F, W, A]
Case #90: [F, F, A, F, J, J, W, W]
Case #91: [E, A, V, R, S]
Case #92: [R, O, W]
Case #93: [E, W]
Case #94: [Q, R, S, D]
Case #95: [Z]
Case #96: []
Case #97: [S, D, R, R, F]
Case #98: [Q, B, F, E, R]
Case #99: [D, F, Q, S, E, E, F, D, H]
Case #100: []
