Case #1:
0.5
0.5
0.5
Case #2:
0.645833333333
0.368055555556
0.604166666667
0.395833333333
Case #3:
0.471666489163
0.517757945149
0.521093988599
0.52044565307
0.484283476053
0.392686636079
0.528216345932
0.50101188353
0.513781122553
0.533985936288
0.52021020937
0.560145956804
0.481123695331
0.526910974747
0.559729886323
0.518165213473
0.403204342897
0.491551673058
0.521189680509
0.512564502631
0.515727647596
0.52296948751
0.476512209373
0.465104212221
0.50237028807
0.518204718141
0.503230361859
0.53978666606
0.531185529832
0.523433312525
0.495852604962
0.461060258618
0.497983450848
0.557766210657
0.486497891315
0.541016693977
0.524745981826
0.40616540209
0.521320724887
0.539859064967
0.489125169116
0.468324646514
0.522451648791
0.520441854304
0.526413925545
0.519401572285
0.421802609442
0.485374321949
0.530538658576
0.477350936714
0.403260425055
0.470242079067
0.49124245922
0.524036317349
0.540622918717
0.496924430934
0.532518998683
0.468670881904
0.462657152179
0.500194795246
0.522261642009
0.557289000288
0.522554233907
0.540397261598
0.523364654844
0.466646248828
0.469754660909
0.522370669848
0.430763107641
0.39772882992
0.485625134553
0.50678823369
0.531540606416
0.541296268435
0.531165326156
0.534403255294
0.515335415218
0.402642800755
0.502743859079
0.399999743751
0.53832450215
Case #4:
0.474233981551
0.483840104747
0.512443480326
0.516790824975
0.55630201471
0.531675884826
0.517511465828
0.420240223671
0.553207994615
0.510588564389
0.532886359093
0.542212441084
0.540309310848
0.403738008092
0.516774559724
0.459012418812
0.431296480788
0.514605828487
0.52357030313
0.54291574883
0.482313279928
0.52459517082
0.435939744408
0.482087836364
0.452808167182
0.567723332194
0.51489342707
0.506178894635
0.550828703376
0.538295046369
0.52201610516
0.505580722642
0.540721999404
0.5105108005
0.534772762146
0.518528693955
0.508129903025
0.450261060927
0.554749784869
0.470987320024
0.508338819903
0.511320411807
0.528417867203
0.509432997272
0.422204805078
0.548059184067
0.404582079407
0.474765555822
0.520336007684
0.418293941759
0.481024530141
0.398831674983
0.527564847468
0.512225738523
0.54405335111
0.525882561047
0.539449585543
0.534858091141
0.509962579893
0.49834915279
0.423143500168
0.53249019704
0.495684205772
0.497688228278
0.563492894659
0.556232879342
0.517233818741
0.541308327232
0.492171582827
0.529724230802
0.506510209298
0.497047698137
0.528300057532
0.431380137936
0.525499905946
0.413513623617
0.437766146246
0.505926597187
0.381405006251
0.519375687757
0.399948550897
0.425264700371
0.551063205049
0.563838235806
0.478790464304
0.526086292776
Case #5:
0.517504395029
0.529834778257
0.494324936677
0.518786535728
0.442522506344
0.511497485987
0.552543085054
0.45442421498
0.519895136449
0.503282936855
0.472726745951
0.560912226205
0.475195372126
0.465533566665
0.544786005723
0.506584439338
0.500294870113
0.507561119235
0.532635952868
0.444216190231
0.534793000151
0.472673099903
0.537261640634
0.507293626374
0.488439356832
0.377604842246
0.556670792067
0.42267745568
0.497573032698
0.550016806843
0.540964558823
0.533030028569
0.496767183568
0.445084380404
0.528582461862
0.533594256283
0.50221141678
0.54504852244
0.514205662854
0.425967492607
0.520310234519
0.381479213839
0.529196581815
Case #6:
0.461380683127
0.502971792417
0.524881769104
0.576893046514
0.469945961961
0.464843759479
0.560049490371
0.449505590425
0.529196270989
0.483373629329
0.540444084269
0.568490885701
0.518440293695
0.464895044734
0.501413224753
0.442424981207
0.557762032415
0.534105117782
0.491292668119
0.543339199278
0.580784854647
0.528699722417
0.402284827209
0.487983062948
0.478076002856
0.536048457444
0.41323052199
0.507800421202
0.506912912122
0.490619398807
0.577235207371
0.41756066404
0.383331412673
0.474964110815
0.543842382419
0.525253885883
0.510663226943
0.47965681372
Case #7:
0.515952023835
0.488490158347
0.455320158638
0.508145143451
0.541628918334
0.424065778282
0.521133995956
0.487331214204
0.448415091918
0.498589076588
0.431998529806
0.388571775803
0.520947986879
0.551038766446
0.542625170246
0.521609234176
0.511352121696
0.473214591683
0.500792614753
0.397038049531
0.500426183188
0.496131764191
0.536935955344
0.556244621018
0.509652199973
0.421794225642
0.513619042011
0.50110564368
0.473822731088
0.423112270982
0.514986612142
0.506765903144
0.504298188289
0.511102254211
0.525829887733
0.511691044009
0.466958635629
0.549702438535
0.507137520452
0.538279057351
0.516193046738
0.532849293175
0.502277317241
0.523751209925
0.500598588111
0.53075203037
0.509262074758
0.392759747358
0.498476731639
0.54931518217
0.514382055753
0.519680921156
0.487856693917
0.449565347971
0.528945924872
0.526004434314
0.413063648257
0.532206190312
0.552061500575
0.467541938916
0.536595032808
0.533642483553
0.474678018685
0.481001270093
0.565996034531
0.495949218656
0.509146772235
0.495723687213
0.533910390589
0.476725952835
0.530339872991
0.524727313066
0.449127702578
0.480108626761
0.487415867002
0.540067210752
0.486882526966
0.464630967201
0.528703658543
0.536605839701
0.558914669188
0.494416967949
0.456376862274
0.498285727572
0.461933100582
0.543381908254
0.485205350975
0.531347440012
0.471640016969
0.530311930639
0.545266600312
0.520751884717
0.51769886308
0.497177219754
0.475484193643
0.526357880574
0.538002341716
0.523379972462
0.500043656243
0.450577069071
Case #8:
0.547542258636
0.569765931434
0.516816999697
0.49040011891
0.454070984099
0.480067791401
0.541268664883
0.447351018838
0.482323237796
0.543224819118
0.534431146711
0.461719779469
0.413598152457
0.499232470831
0.472945311457
0.479365737011
0.567468628376
0.481224366234
0.497663413817
0.416060457081
0.539305692321
0.418539326403
0.524405768857
0.508307946454
0.51859224648
0.422838969964
0.521652182711
0.409726548043
0.535341878659
0.517338104333
0.440389852461
0.539317111224
0.510924598733
0.538897295859
0.510778272082
0.527155468941
0.540213504479
0.521280138701
0.547387660557
0.546856122577
0.473203894642
0.512853689008
0.554288587288
0.476292187932
0.531866475385
0.539506622747
0.497622187369
0.521631639107
0.505635704944
0.541074021666
0.530702518245
0.488522862838
0.416762769111
0.482739934564
0.488407661055
0.492589493193
0.480437874857
0.50700428635
0.525676156251
0.498582730259
0.506672736886
0.476617707657
0.498522287437
0.533845222403
0.496752478424
0.501910101337
0.475836123526
0.511532648967
0.516640696469
0.463768118932
0.452239865308
0.447751602793
0.537243839465
0.460252341567
0.521674172923
0.511709444539
0.40755434823
0.522968456517
0.53247720684
0.459168519757
0.462417623068
0.537117456135
0.519587607509
0.496879717728
0.487131079011
0.526929040141
0.494075423624
0.479097079016
0.47599763953
0.430791533771
0.523979332346
0.545989542471
0.547998284779
0.437394661324
0.557613624441
0.538623162035
Case #9:
0.485060012165
0.400884269522
0.495758090249
0.52674156375
0.435731058548
0.554461247943
0.418344270311
0.495683780641
0.520420342727
0.560016207686
0.484133151617
0.439170468482
0.579132442679
0.481253540647
0.503662841628
0.561974118615
0.519099203819
0.550166386181
0.45826377688
0.478906527147
0.502649830091
0.579375736702
0.445150409158
0.486633391815
0.544111531563
Case #10:
0.529377004507
0.565422857895
0.556696029793
0.517821153141
0.397852727313
0.522878570742
0.402624579195
0.559895684752
0.450980779727
0.502583684296
0.480540050646
0.545640344756
0.528860230497
0.41425246485
0.524281914608
0.472304792656
0.513093703383
0.414781966812
0.519191088988
0.468812245728
0.525257945853
0.519424537081
0.49648411223
0.494417125212
0.5586144483
0.50838177208
0.444106358462
0.507621554181
0.542303488082
0.517448848511
0.491249298726
0.435966956828
0.454679254539
0.558526417997
0.543708725088
0.506349327661
0.520591474418
0.54209884148
0.443198032085
0.472665052639
0.546655446908
0.553909447842
0.54221136013
0.453685281044
0.56427942385
0.442741313749
0.395257989115
0.443695876414
0.489045383745
0.551280432411
0.531804154305
0.562746826369
0.550388385544
0.558876808142
0.459840607601
0.528657628615
0.52303652926
0.493533544596
0.520540596559
0.52388232419
0.53032349073
0.433204315132
0.542269347523
0.451897900354
0.487146423235
0.51503241329
0.555628806295
0.477615710795
0.544125704343
0.534872072582
0.452205292162
0.468174621185
0.452407763306
0.538914854291
0.399658945635
0.525618177549
0.541936639037
0.389840206204
0.419021124215
0.522639364162
0.544109962064
0.545152205858
0.519868764305
0.483650108433
0.531489634628
0.511135244841
0.524322968199
0.478953297267
0.523850783008
0.410218492952
0.532151201315
0.534796153379
0.416283091372
0.482351695908
0.531857446748
0.56062930301
0.420709530749
0.470299385803
0.526126730015
0.480449358438
Case #11:
0.506313131313
0.574494949495
0.493686868687
0.478535353535
0.534090909091
0.496212121212
0.438131313131
0.536616161616
0.518939393939
0.551767676768
0.52398989899
0.42297979798
0.604797979798
0.599747474747
0.430555555556
0.435606060606
0.450757575758
0.612373737374
0.57702020202
0.544191919192
0.566919191919
0.488636363636
0.594696969697
0.486111111111
0.380050505051
0.622474747475
0.387626262626
0.433080808081
0.617424242424
0.554292929293
0.516414141414
0.503787878788
0.589646464646
0.549242424242
0.491161616162
0.579545454545
0.508838383838
0.390151515152
0.582070707071
0.584595959596
0.397727272727
0.410353535354
0.597222222222
0.483585858586
0.531565656566
0.395202020202
0.412878787879
0.561868686869
0.382575757576
0.498737373737
0.52904040404
0.609848484848
0.614898989899
0.463383838384
0.375
0.405303030303
0.42803030303
0.481060606061
0.592171717172
0.569444444444
0.559343434343
0.587121212121
0.455808080808
0.47095959596
0.47601010101
0.602272727273
0.425505050505
0.539141414141
0.440656565657
0.625
0.402777777778
0.445707070707
0.556818181818
0.526515151515
0.377525252525
0.541666666667
0.511363636364
0.407828282828
0.460858585859
0.458333333333
0.546717171717
0.513888888889
0.607323232323
0.564393939394
0.473484848485
0.417929292929
0.468434343434
0.400252525253
0.415404040404
0.392676767677
0.385101010101
0.420454545455
0.448232323232
0.465909090909
0.57196969697
0.521464646465
0.619949494949
0.443181818182
0.453282828283
0.501262626263
Case #12:
0.458333333333
0.398611111111
0.506944444444
0.395833333333
0.6875
0.708333333333
0.340277777778
0.6875
0.444444444444
0.604166666667
0.31712962963
0.5625
0.375
0.541666666667
0.645833333333
0.5625
0.375462962963
0.708333333333
0.447916666667
0.451388888889
0.833333333333
0.5
0.5
0.75
0.530555555556
0.5625
0.864583333333
0.296875
0.397222222222
0.520833333333
0.315277777778
0.305555555556
0.233333333333
0.761111111111
0.608333333333
0.597222222222
0.71875
0.333333333333
0.666666666667
0.666666666667
0.4125
0.729166666667
0.125
0.677083333333
0.684027777778
0.5625
0.59375
0.421296296296
0.333333333333
0.21875
0.1875
0.703125
0.326388888889
0.447916666667
0.458333333333
0.460416666667
0.423611111111
0.354166666667
0.15625
0.395833333333
0.697916666667
0.322916666667
0.611111111111
0.75
0.680555555556
0.25
0.5
0.381944444444
0.5
0.708333333333
0.555555555556
0.3125
0.4375
0.409722222222
0.916666666667
0.493055555556
0.229166666667
0.808333333333
0.0625
0.516666666667
0.611111111111
0.5
0.619791666667
0.652777777778
0.5
0.583333333333
0.34375
0.666666666667
0.4375
0.625
0.298611111111
0.656944444444
0.510416666667
0.5625
0.4375
0.8125
0.236111111111
0.522916666667
0.475
0.251388888889
Case #13:
0.545022504643
0.440045994386
0.410770332924
0.397420386622
0.574363372391
0.451514252427
0.53061457112
0.531190738319
0.550615339675
0.447807319739
0.440584489087
0.493883101968
0.566064830365
0.522621193048
0.382714032349
0.451230295973
0.513854606492
0.532491479525
0.481258449096
0.471327644129
0.517597583798
0.483455529527
0.546161926668
0.545101783097
0.567730522323
0.444694909642
0.36968559853
0.572759273877
0.498294783046
0.553080310551
0.490820102706
0.539403626218
0.504371267903
0.522847808051
0.392508771362
0.428574068084
0.548622304857
0.501704169844
0.503352544455
0.518727883004
0.534585697641
0.53873905162
0.430007148811
0.575868140907
0.48072641104
0.548288837391
0.453820416716
0.535319540504
0.493142303614
0.517984582238
0.461209366635
0.455250329303
0.524344146649
0.531437236318
0.476896810185
0.536153180669
0.518161164017
0.493616146754
0.564836008651
0.503699732876
0.379127382256
0.522460869273
0.57091914217
0.46716656031
0.535943826016
0.507404617466
0.492362840072
0.53812757068
0.481853225836
0.523923454733
0.478108592188
0.539429117871
0.545639083783
0.476719262665
0.521113344842
0.480907439975
0.487591716709
0.503511806846
0.515801796533
0.422185762662
0.526423669081
0.495249319528
0.538775288672
0.412776476071
0.518006433372
0.523287135312
0.510390048374
0.513509478363
0.544463010369
0.482822474969
0.457356732564
0.534029139324
0.573274988052
0.449427963769
0.538770944956
0.432920755132
0.510348381717
0.524464612059
0.477576443547
0.493941775256
Case #14:
0.528939515621
0.530830587443
0.546282911313
0.475967896161
0.526632546206
0.479332291779
0.501308775825
0.514328772597
0.403507825294
0.493791139141
0.471531183075
0.521490614764
0.46099930713
0.546599741749
Case #15:
0.5
0.5
0.5
0.5
0.5
0.5
0.5
0.5
0.5
0.5
0.5
0.5
0.5
0.5
0.5
0.5
0.5
0.5
0.5
0.5
0.5
0.5
0.5
0.5
0.5
0.5
0.5
0.5
0.5
0.5
0.5
0.5
0.5
0.5
0.5
0.5
0.5
0.5
0.5
0.5
0.5
0.5
0.5
0.5
0.5
0.5
0.5
0.5
0.5
0.5
0.5
0.5
0.5
0.5
0.5
0.5
0.5
0.5
0.5
0.5
0.5
0.5
0.5
0.5
0.5
0.5
0.5
0.5
0.5
0.5
0.5
0.5
0.5
0.5
0.5
0.5
0.5
0.5
0.5
0.5
0.5
0.5
0.5
0.5
0.5
0.5
0.5
0.5
0.5
0.5
0.5
0.5
0.5
0.5
0.5
0.5
0.5
0.5
0.5
Case #16:
0.402777777778
0.5
0.395833333333
0.645833333333
0.6875
0.729166666667
0.513888888889
0.680555555556
0.444444444444
0.770833333333
0.291666666667
0.597222222222
0.520833333333
0.662037037037
0.645833333333
0.104166666667
0.416666666667
0.25
0.520833333333
0.270833333333
0.3125
0.342592592593
0.666666666667
Case #17:
0.492522639219
0.510166762364
0.506829885864
0.436676271121
0.534109026391
0.516177537329
0.496269475917
0.505209971002
0.493535593703
0.575706013521
0.48092708899
0.515367533826
0.573249569246
0.550582149109
0.521781681915
0.494270138957
0.431711694972
0.524839023871
0.53436686706
0.49917244752
0.516558794878
0.459280560353
0.37807515311
0.435608185958
Case #18:
0.512128073631
0.407486159175
0.541651133102
0.476100551868
0.512376067362
0.503532320627
0.540408950323
0.557509984721
0.505531167616
0.528599997138
0.560254644241
0.511899550181
0.537384075982
0.410220623911
0.486663353844
0.550244526332
0.459662677387
0.531901324035
0.394239280449
0.550752034703
0.440757634874
0.478767592529
0.399622622412
0.453582850734
0.507995757858
0.528595086378
0.567524723792
0.557684191435
0.525200583895
0.444706885263
0.575744630381
0.517232219726
0.541481980519
0.527587987039
0.490887403776
0.42928733098
0.438798026301
0.512584963049
0.409749502962
0.487923800512
0.449452861789
0.553379654408
0.549108329669
0.536640595468
Case #19:
0.625
0.622474747475
0.619949494949
0.617424242424
0.614898989899
0.612373737374
0.609848484848
0.607323232323
0.604797979798
0.602272727273
0.599747474747
0.597222222222
0.594696969697
0.592171717172
0.589646464646
0.587121212121
0.584595959596
0.582070707071
0.579545454545
0.57702020202
0.574494949495
0.57196969697
0.569444444444
0.566919191919
0.564393939394
0.561868686869
0.559343434343
0.556818181818
0.554292929293
0.551767676768
0.549242424242
0.546717171717
0.544191919192
0.541666666667
0.539141414141
0.536616161616
0.534090909091
0.531565656566
0.52904040404
0.526515151515
0.52398989899
0.521464646465
0.518939393939
0.516414141414
0.513888888889
0.511363636364
0.508838383838
0.506313131313
0.503787878788
0.501262626263
0.498737373737
0.496212121212
0.493686868687
0.491161616162
0.488636363636
0.486111111111
0.483585858586
0.481060606061
0.478535353535
0.47601010101
0.473484848485
0.47095959596
0.468434343434
0.465909090909
0.463383838384
0.460858585859
0.458333333333
0.455808080808
0.453282828283
0.450757575758
0.448232323232
0.445707070707
0.443181818182
0.440656565657
0.438131313131
0.435606060606
0.433080808081
0.430555555556
0.42803030303
0.425505050505
0.42297979798
0.420454545455
0.417929292929
0.415404040404
0.412878787879
0.410353535354
0.407828282828
0.405303030303
0.402777777778
0.400252525253
0.397727272727
0.395202020202
0.392676767677
0.390151515152
0.387626262626
0.385101010101
0.382575757576
0.380050505051
0.377525252525
0.375
Case #20:
0.423408681923
0.511206465976
0.51740673055
0.538411818567
0.519270281387
0.528913703651
0.4309313894
0.503752885504
0.493768704644
0.512787716039
0.543140136373
0.483145415786
0.454235386462
0.477895821775
0.483686965663
0.460393243776
0.457775196177
0.517268242887
0.556087453846
0.488455289321
0.541073039655
0.498718071738
0.456350008476
0.552586070528
0.504711636549
0.551839060678
0.545751062792
0.441859863878
0.536567228712
0.475528097649
0.516109179207
0.479705388106
0.498656338874
0.447670493381
0.546884585531
0.530059463135
0.501331230434
0.527768690787
0.479003086467
0.564113886627
0.506824664618
0.433628686765
0.508601952099
0.521457134692
0.494794970927
0.544555853326
0.411200511738
0.516067012357
0.508542552395
0.535976138773
0.507391876273
0.522104249721
0.544113454708
0.462305433791
0.51275307445
0.545833260929
0.470337870061
0.480906342433
0.464763229668
0.444795759037
0.449472561669
0.515502396512
0.533091091304
0.521183312969
0.446670226038
0.498503021299
0.537362481893
0.527405103197
0.440721788147
0.51971014249
0.520500426128
0.508434535081
0.510895365981
0.510008824938
0.511451006724
0.423493111701
0.543880161323
0.542522033818
0.502392506849
0.498571017192
0.491516153802
0.507270540227
0.431189816845
0.42515763743
0.431031165944
0.474769732627
0.507157962881
0.497916119007
0.53105841898
0.506194430976
0.490617718057
0.543719737964
0.520132853412
0.52596900727
0.543740983846
