Case #1:
0.5
0.5
0.5
Case #2:
0.645833333333
0.368055555556
0.604166666667
0.395833333333
Case #3:
0.5
0.5
0.5
0.5
0.5
0.5
0.5
0.5
0.5
Case #4:
0.593055555556
0.404513888889
0.501996527778
0.779166666667
0.361979166667
0.433854166667
0.46875
0.104166666667
0.594010416667
0.559375
Case #5:
0.354166666667
0.467013888889
0.527777777778
0.277777777778
0.805555555556
0.529513888889
Case #6:
0.645833333333
0.451388888889
0.520833333333
0.395833333333
Case #7:
0.625
0.597222222222
0.569444444444
0.541666666667
0.513888888889
0.486111111111
0.458333333333
0.430555555556
0.402777777778
0.375
Case #8:
0
0.1875
0.25
0.5
0.75
0.8125
1
Case #9:
0.5
0.5
0.5
0.5
Case #10:
0.5
0.375
0.75
0.25
0.625
Case #11:
0.5625
0.5625
0.6625
0.18125
0.50625
0.63125
0.571875
0.446875
0.4
0.38125
Case #12:
0.354166666667
0.604166666667
0.395833333333
0.631944444444
Case #13:
0.369080687831
0.438782333921
0.423914241623
0.528179327286
0.6548170194
0.537161044974
0.555645313681
0.555645313681
0.505268959436
0.385978835979
Case #14:
0.625
0.375
0.5
Case #15:
0.519527777778
0.465532407407
0.530069444444
0.408472222222
0.475138888889
0.545861111111
0.520532407407
Case #16:
0.694444444444
0.5
0.305555555556
0.5
Case #17:
0.479166666667
0.331944444444
0.436111111111
0.491666666667
0.616666666667
0.755555555556
0.341666666667
Case #18:
0.513888888889
0.458333333333
0.402777777778
0.486111111111
0.569444444444
0.597222222222
0.541666666667
0.430555555556
0.625
0.375
Case #19:
0.471759259259
0.608333333333
0.608333333333
0.427777777778
0.499652777778
0.511805555556
0.375
Case #20:
0.625
0.5
0.375
