Case #1: EA
Case #2: RIR
Case #3: FDT
Case #4: ZERA
Case #5: 
Case #6: N
Case #7: D
Case #8: DFEDSNDDF
Case #9: 
Case #10: DEAFDEARS
Case #11: SQEENFESF
Case #12: ESAWQOSEA
Case #13: CQAS
Case #14: WWDFSGFAQ
Case #15: SE
Case #16: MFSAAFEDF
Case #17: DRPPS
Case #18: EFQ
Case #19: CR
Case #20: FSFSRU
Case #21: EESSSURAW
Case #22: RQRKQDRWQ
Case #23: QQWERGDFS
Case #24: FS
Case #25: NNWQWSWS
Case #26: YR
Case #27: IERQSSQSQ
Case #28: ED
Case #29: C
Case #30: 
Case #31: A
Case #32: 
Case #33: PQWARFAQW
Case #34: GDWWQFRAW
Case #35: SDDXAFQQQ
Case #36: SQAFSSYWQ
Case #37: WDESAMDSA
Case #38: F
Case #39: RWQ
Case #40: DR
Case #41: EDQZSRRWE
Case #42: SEWFD
Case #43: AAAAAAAAAA
Case #44: DAQEQSIQE
Case #45: AO
Case #46: WFMFASWWE
Case #47: ZD
Case #48: FQWFQV
Case #49: SWDSUWSWA
Case #50: MSSMFSFS
Case #51: 
Case #52: RDR
Case #53: QYQWFSEWR
Case #54: FRBABDDF
Case #55: RWW
Case #56: AWARENESS
Case #57: F
Case #58: SFS
Case #59: FQA
Case #60: HHQAWQES
Case #61: BFSSQQWAS
Case #62: ADAWEMWRR
Case #63: SQWDSWUAF
Case #64: ZZZZZ
Case #65: FDARIDIA
Case #66: E
Case #67: FKSWQKFF
Case #68: S
Case #69: FSEWFFFRX
Case #70: HWEQEWEEE
Case #71: RWGQSWEWF
Case #72: DFFQTRFQE
Case #73: 
Case #74: ERR
Case #75: HQDS
Case #76: IFDIEDFF
Case #77: FV
Case #78: DS
Case #79: RSQGQFRRS
Case #80: RQQFWUFRS
Case #81: QWFFEAII
Case #82: R
Case #83: EWECQAWSQ
Case #84: D
Case #85: DQVWDAWFW
Case #86: CR
Case #87: DEQSDR
Case #88: WVRRQQWFW
Case #89: SFFWA
Case #90: FFAFJJWW
Case #91: EAVRS
Case #92: ROW
Case #93: EW
Case #94: QRSD
Case #95: Z
Case #96: 
Case #97: SDRRF
Case #98: QBFER
Case #99: DFQSEEFDH
Case #100: 
