Case #1: EA
Case #2: RIR
Case #3: FDT
Case #4: ZERA
Case #5: 
Case #6: QQS
Case #7: SENEFSQAE
Case #8: SSQEE
Case #9: WJJSRFDE
Case #10: RSAMSWDQR
Case #11: APD
Case #12: ED
Case #13: RP
Case #14: EFSDL
Case #15: PRQQQESQW
Case #16: DRPPS
Case #17: EAWESSAWH
Case #18: ASAMRADM
Case #19: QQWERGDFS
Case #20: SFQDFBERE
Case #21: KRWFSFFWA
Case #22: AAEQEHSAF
Case #23: RQSRFSSFP
Case #24: WSWDDATSF
Case #25: LWLDAFRF
Case #26: RRPQSWFRE
Case #27: GR
Case #28: FRNWRENR
Case #29: WAFFQJRJ
Case #30: EQRQEQW
Case #31: BRFDSQDSQ
Case #32: S
Case #33: FSWRFYEFD
Case #34: AWARENESS
Case #35: WSZRFWZR
Case #36: 
Case #37: DOFE
Case #38: OAAEFAOD
Case #39: 
Case #40: DWQ
Case #41: 
Case #42: 
Case #43: AAHFHFDR
Case #44: EWGQEQRDF
Case #45: FM
Case #46: PERWPRWD
Case #47: RWESSWSEN
Case #48: DESAREDRH
Case #49: WQWNAREDD
Case #50: DEWYYFY
Case #51: 
Case #52: AAAAEUSSF
Case #53: DZZEWADR
Case #54: EWHSQASWA
Case #55: 
Case #56: 
Case #57: FFQGRSADA
Case #58: FDSWTTRF
Case #59: WH
Case #60: YSDQ
Case #61: SRVSWSARQ
Case #62: RJDRESARR
Case #63: F
Case #64: QRQHEQWAW
Case #65: FWOWQSESR
Case #66: AWWDRMADS
Case #67: ZZZZZ
Case #68: EISRIIR
Case #69: EF
Case #70: AQWDSDEYF
Case #71: AAAAAAAAAA
Case #72: ESUA
Case #73: 
Case #74: SZ
Case #75: DEAFDEARS
Case #76: QJSEADQRS
Case #77: A
Case #78: FSQQQERCA
Case #79: SLWRQFWER
Case #80: AEWQQFOAR
Case #81: WRAFS
Case #82: DAIADIRD
Case #83: B
Case #84: 
Case #85: FEQAWSELW
Case #86: BDQQBDDQ
Case #87: D
Case #88: WQ
Case #89: ESGGRDAA
Case #90: VEASQQDAE
Case #91: FSFQDNFES
Case #92: DQO
Case #93: CQARCSFF
Case #94: RREW
Case #95: ADFWQAGDF
Case #96: AWSUUADE
Case #97: WARURAFAR
Case #98: A
Case #99: KASDWSSRR
Case #100: F
