Case #1: ["E", "A"]
Case #2: ["R", "I", "R"]
Case #3: ["F", "D", "T"]
Case #4: ["Z", "E", "R", "A"]
Case #5: []
Case #6: ["E", "E", "S", "Z", "R", "W", "D", "W", "W"]
Case #7: ["R", "T"]
Case #8: ["A", "Q", "W", "F", "G", "W", "R", "Q", "W"]
Case #9: ["Q", "K", "S", "D"]
Case #10: ["D", "T", "E", "R", "R", "Q", "E", "Q", "E"]
Case #11: ["E", "E", "S", "Q", "A", "E", "Z", "S", "Q"]
Case #12: ["Y", "D", "E", "R", "S", "D", "Q", "F", "R"]
Case #13: ["F"]
Case #14: ["R", "D", "E"]
Case #15: ["A", "G", "Q", "Q", "F", "W", "R", "W", "W"]
Case #16: ["D", "S", "E", "S", "Q", "D", "E", "D", "C"]
Case #17: ["R", "F", "S", "K", "R", "W", "S", "R", "A"]
Case #18: ["R", "F", "Q", "S", "F", "J", "W", "E", "W"]
Case #19: ["A", "E", "Q", "A", "W", "D", "Q", "M", "R"]
Case #20: ["D", "R", "P", "P", "S"]
Case #21: ["E", "R", "R"]
Case #22: ["B", "W", "E", "D", "F", "Q", "S", "E", "F"]
Case #23: ["C", "F", "C", "W", "Q", "E", "Q", "D"]
Case #24: ["A", "A", "E", "E", "V", "V"]
Case #25: ["L", "D", "F", "Q", "S", "A"]
Case #26: ["Q", "S", "P", "P", "R", "R", "W", "S"]
Case #27: ["A", "L", "Q", "D", "E", "W", "Q", "W", "D"]
Case #28: []
Case #29: ["R", "Q", "F", "W", "B", "D", "S", "E", "R"]
Case #30: ["A", "A", "A", "A"]
Case #31: ["S", "X", "Q", "A", "R", "Q", "Q", "Q", "S"]
Case #32: ["M", "E", "F", "E", "E", "W", "W", "A", "W"]
Case #33: ["D", "S", "S", "F", "L", "S", "E", "W", "Q"]
Case #34: ["E", "S"]
Case #35: ["F", "A", "R", "G", "D", "F", "Q", "Q", "R"]
Case #36: ["E", "Q", "Q"]
Case #37: ["W", "S", "E", "S", "S", "E", "I", "A", "W"]
Case #38: ["Q", "Q", "W", "E", "R", "G", "D", "F", "S"]
Case #39: ["D", "R", "F", "E"]
Case #40: ["F", "E", "B"]
Case #41: ["E", "D"]
Case #42: ["S", "E"]
Case #43: ["F", "W", "Q", "S", "E", "L", "W", "S", "Q"]
Case #44: ["D", "F", "A", "A", "W", "A", "C", "E", "D"]
Case #45: ["W", "F", "W", "X", "D", "D", "Q", "A", "W"]
Case #46: ["F", "R", "F", "W", "X", "S", "D", "W", "R"]
Case #47: ["E", "W", "R", "A", "T", "W", "W", "Q", "F"]
Case #48: ["E", "Z", "E", "E", "A", "S", "E", "E", "S"]
Case #49: ["F"]
Case #50: ["D", "E", "A", "F", "D", "E", "A", "R", "S"]
Case #51: ["D", "A", "S", "D", "D", "J", "E", "A", "R"]
Case #52: []
Case #53: ["E", "E", "F", "W", "E", "V", "R", "S", "E"]
Case #54: ["E", "C", "D", "D", "W", "F", "E", "S", "R"]
Case #55: ["D", "H", "F", "S", "Q", "F", "W", "H"]
Case #56: ["U"]
Case #57: []
Case #58: ["D", "S", "W", "G", "A", "S", "A", "A", "A"]
Case #59: ["E", "W", "K", "D", "W"]
Case #60: ["D", "S", "M", "Q", "R", "R", "R", "D", "R"]
Case #61: ["M", "F", "F", "R", "S", "R", "R", "M"]
Case #62: ["D", "R", "E", "R", "R", "E", "L", "L"]
Case #63: ["A", "F", "R", "A", "O", "W", "A", "R", "A"]
Case #64: ["A", "A", "R", "E", "W", "A", "U", "A", "A"]
Case #65: ["O", "D"]
Case #66: ["D", "Q", "E", "H", "Q", "H", "E", "D"]
Case #67: ["Q", "A", "F", "Q", "Q", "W", "D", "F", "B"]
Case #68: ["W", "W", "U", "W", "S"]
Case #69: ["R", "S", "S", "F", "S", "F", "Q", "E", "I"]
Case #70: ["W", "R", "R", "A", "W", "Q", "W", "M", "Q"]
Case #71: ["A", "A", "A", "A", "A", "A", "A", "A", "A", "A"]
Case #72: ["R", "E", "E", "S", "E", "W", "D", "C", "W"]
Case #73: ["F", "S"]
Case #74: ["S", "D", "A", "A", "U", "R", "S", "E", "Q"]
Case #75: ["D", "R", "S", "D", "A", "S", "A", "K", "D"]
Case #76: ["W", "A", "Q", "S", "A", "E", "V", "F", "D"]
Case #77: ["F", "S", "I", "E", "Q"]
Case #78: ["S", "D", "D", "R"]
Case #79: ["W", "D", "F", "F", "F", "R", "W", "U", "D"]
Case #80: ["Z", "Z", "Z", "Z", "Z"]
Case #81: ["S", "E", "E"]
Case #82: ["P", "P", "S", "D", "E", "D", "E", "F"]
Case #83: ["E"]
Case #84: ["W", "W", "N", "S", "F", "F"]
Case #85: ["W", "W", "F", "B", "W", "A", "W", "A", "D"]
Case #86: ["E", "Z", "Q"]
Case #87: ["A", "E", "D", "R", "F"]
Case #88: []
Case #89: ["S", "D"]
Case #90: ["A", "D", "D", "E", "V", "F", "S", "S", "D"]
Case #91: ["A", "S", "Q", "Q", "S", "S", "U", "W", "Q"]
Case #92: ["Z", "S", "R", "S", "R", "A", "D", "A", "W"]
Case #93: ["E"]
Case #94: ["Q", "D", "Q", "R", "J", "D", "E", "R", "E"]
Case #95: ["A", "W", "A", "R", "E", "N", "E", "S", "S"]
Case #96: ["W", "E", "Q", "D", "D", "R", "D", "L", "D"]
Case #97: ["A", "S", "R", "M", "W", "Q", "F", "A", "Q"]
Case #98: ["W", "Z", "D", "W", "E", "F", "A", "Q", "R"]
Case #99: ["E", "Q", "E", "K", "K", "W", "D", "D"]
Case #100: ["E", "D", "F", "F", "F", "K", "W", "D", "E"]
