Case #1: [E, A]
Case #2: [R, I, R]
Case #3: [F, D, T]
Case #4: [Z, E, R, A]
Case #5: []
Case #6: []
Case #7: [Z, H]
Case #8: [T, H, E, C, A, K, E, I, S, A, L, I, E]
Case #9: [Z, Z, Z, Z, Z]
Case #10: [B, H, H, Z, O, I, T, P, I, G, I, K, K, Z, O, H, G, Y, P, C, P, I, U, I, T, L, Y, Z, J, B, Z, L, O, P, H, K, I, T, P, O, I, I, X, K, J, Z, I, Q]
Case #11: [U, Z, G, D]
Case #12: [O, T, E, L, Q, T, M, L, T, M, G, M, K, S, Z, P, H, B, A, S, C, F, J, U, C, E, J, B, E, J, J, Y, K, K, W, I, J, B, I, U, G, J, B, A, G, O, N, W, J, N]
Case #13: [X]
Case #14: [M, M, U, G, Q]
Case #15: [K, H, A, I, K, W]
Case #16: [B, M, P, N, D, Q]
Case #17: [S, U]
Case #18: [D, E, A, F, D, E, A, R, S]
Case #19: [I, C, C, P, Y, R, O, P, X, X]
Case #20: [B]
Case #21: [H, P]
Case #22: []
Case #23: [E, D]
Case #24: [F]
Case #25: [A, J, Y, Z, H, I, T, U, I, L, G, X, B, S, H, P, J, L, V, T, Q, S, I, D, X, U, S, J, J, K, H, M, U, B, Y]
Case #26: [X, G, X, Y, G, I, J, L, J, J, I, J, C, I, G, Y, J, X, Y, O, Z, I, U, G, X, Y, O, C, L, T, G, J, Z, J, V, Y, Z, T, I, U, Y, O, U, Y, G, G, G, V, Z, U]
Case #27: [O, G, S, Y, L, S, O, W]
Case #28: [G, C, L, B, Z, Y, C, M, C, R, A, F, J, F, H, Y, J, J, G, V, U, H, X, G, N, L, B, J, M, U, J, I, P, V, M, A, X, N, T, P, U, C, K, L, Y, G, O, P, I, L]
Case #29: [A, F, L, P]
Case #30: [W, J, W, R, T]
Case #31: []
Case #32: [S]
Case #33: [N, A, N, A, N, A, N, A, N, A, N, A, N, A, N, A, N, A, N, A, N, A, N, A, N, A, N, A, N, A, N, A, N, A, N, A, N, A, N, A, B, A, T, M, A, N]
Case #34: [D]
Case #35: [D, H, P, U, P, Y, X, B, S, Q]
Case #36: []
Case #37: []
Case #38: [G, M, N, O, P, J]
Case #39: []
Case #40: [A, T, P, H, B, T, P, O, W, J, P, K, W]
Case #41: [E]
Case #42: [G, J, N, C, R, M, R, X, P, M]
Case #43: [E]
Case #44: [F, R, I, D, Y, N, R, I, D, Y, A, G, O, T, T, A, G, E, T, O, G, N, O, N, F, R, I, D, Y, A]
Case #45: [E, U, J, U, U, K, Z]
Case #46: [X, I, H, T, N, X]
Case #47: [A, A, A, A, A, A, A, A, A, A]
Case #48: [F]
Case #49: [J, G, T, P, Z, L, C, R, C, E, R, C, D, I, M, Q, B, L, I, B, C, W, X, M, D, V, S, Y, J, T, Q, H, Q, Z, H, N, R, U, U, B, C, A, B, E, J, R, F, S, V, W]
Case #50: [K]
Case #51: [A, W, A, R, E, N, E, S, S]
Case #52: []
Case #53: [M, G, J, X]
Case #54: []
Case #55: [J, Z, T, H, F, U]
Case #56: [M, X, G, I, D]
Case #57: []
Case #58: [O, G]
Case #59: [H]
Case #60: [W, B]
Case #61: []
Case #62: [I, S, O, M, T, Z, R, H, U, D, U, M, A]
Case #63: [N]
Case #64: [B, D, G, F, D]
Case #65: [I, W, J, R]
Case #66: [X, Z, M]
Case #67: [N, I, A, U, Z, K, D, L, P, C, C, A, H, N, L, B, P, Y, V, Q, B, J, X, A, H, W, P, C, I, D, B, L, V, G, B, X, Z, M, J, X, V, F, Y, Y, X, S, K, Y, L]
Case #68: [N, O, E]
Case #69: [X, C, L, U, Y, N, I]
Case #70: [E, D]
Case #71: [O, P, P, W]
Case #72: [W, P, P, J, T, U, J, B, L, L]
Case #73: []
Case #74: [Z, Z, Z, Z, Z, Z, Z, Z, Z, Z, Z, Z, Z, Z, Z, Z, Z, Z, Z, Z, Z, Z, Z, Z, Z, Z, Z, Z, Z, Z, Z, Z, Z, Z, Z, Z, Z, Z, Z, Z, Z, Z, Z, Z, Z, Z]
Case #75: [W, F]
Case #76: []
Case #77: [I, B, F, L, S]
Case #78: [E, G]
Case #79: []
Case #80: [L, S, H, A, Z, U, Z, P, P]
Case #81: [Q, Q, W, E, R, G, D, F, S]
Case #82: [C, G, T, V, J, K, S, P, T, V, C, B, E, S, K, V, L, A]
Case #83: []
Case #84: [A, F, W]
Case #85: [K, R, J, P, W, G, T, D]
Case #86: [M, W, H, Q, A, Y, Z, S, N, A, O, H, Q, O, F, R, E, W, A, G, A, H, H, E, W, I, J, B, M, O, Y, I, Q, P, P, E, R, I, R, P, F, Q, I, A, E, K, A, J, H, I]
Case #87: [D, R, P, P, S]
Case #88: [F, K, Z, O, X, X, H]
Case #89: [O, V, H, M]
Case #90: [B, E, S, U, R, E, T, O, D, R, I, N, K, Y, O, U, R, O, V, A, L, T, I, N, E]
Case #91: []
Case #92: [I, Y, O, C, G]
Case #93: []
Case #94: [X, M, F, U, Z, K, K, F, B, B, U, C, C, Q, Z]
Case #95: [G]
Case #96: [L, W]
Case #97: [J, G, M]
Case #98: [W, H, I, C, H, S, E, A, T, S, H, O, U, L, D, I, T, A, A, A, A, A, A, A, A, A, A, A, A, A, A, A, A, A, A, A, A, A, A, A, A, A, A, A, A, A, A, A, A, A, A, A, A, A, A, A, A, A, A, A, A, A, A, K, E]
Case #99: [Q, A, Y, R]
Case #100: []
